<?xml version="1.0" encoding="UTF-8"?>
<!-- Generated by org.testng.reporters.JUnitReportReporter -->
<testsuite hostname="CS-RAFILAP" failures="0" tests="2" name="api_WebServices.PostPutExamples" time="1.915" errors="0" timestamp="2021-03-15T21:48:06 AST" skipped="0">
  <testcase classname="api_WebServices.PostPutExamples" name="test_get02" time="0.039"/>
  <system-out/>
  <testcase classname="api_WebServices.PostPutExamples" name="test_get01" time="1.876"/>
  <system-out/>
</testsuite> <!-- api_WebServices.PostPutExamples -->
