<?xml version="1.0" encoding="UTF-8"?>
<!-- Generated by org.testng.reporters.JUnitReportReporter -->
<testsuite hostname="CS-RAFILAP" failures="0" tests="2" name="webPortal.LoginTest" time="6.706" errors="0" timestamp="2021-03-04T11:04:04 AST" skipped="0">
  <testcase classname="webPortal.LoginTest" name="bapplogin" time="6.574"/>
  <system-out/>
  <testcase classname="webPortal.LoginTest" name="appLogout" time="0.132"/>
  <system-out/>
</testsuite> <!-- webPortal.LoginTest -->
