<?xml version="1.0" encoding="UTF-8"?>
<!-- Generated by org.testng.reporters.JUnitReportReporter -->
<testsuite hostname="CS-RAFILAP" failures="0" tests="2" name="webPortal.LoginTest" time="5.889" errors="0" timestamp="2021-03-15T21:09:03 AST" skipped="0">
  <testcase classname="webPortal.LoginTest" name="bapplogin" time="5.760"/>
  <system-out/>
  <testcase classname="webPortal.LoginTest" name="appLogout" time="0.129"/>
  <system-out/>
</testsuite> <!-- webPortal.LoginTest -->
