<?xml version="1.0" encoding="UTF-8"?>
<!-- Generated by org.testng.reporters.JUnitReportReporter -->
<testsuite hostname="CS-RAFILAP" failures="0" tests="2" name="api_WebServices.PostPutExamples" time="1.559" errors="0" timestamp="2021-03-16T20:08:04 AST" skipped="1">
  <testcase classname="api_WebServices.PostPutExamples" name="test_get02" time="1.559"/>
  <system-out/>
  <testcase classname="api_WebServices.PostPutExamples" name="test_get01">
    <skipped/>
  </testcase> <!-- test_get01 -->
  <system-out/>
</testsuite> <!-- api_WebServices.PostPutExamples -->
