<?xml version="1.0" encoding="UTF-8"?>
<!-- Generated by org.testng.reporters.JUnitReportReporter -->
<testsuite hostname="CS-RAFILAP" failures="0" tests="1" name="api_WebServices.Post_Request01" time="3.356" errors="0" timestamp="2021-03-15T09:50:02 AST" skipped="0">
  <testcase classname="api_WebServices.Post_Request01" name="post_01" time="3.356"/>
  <system-out/>
</testsuite> <!-- api_WebServices.Post_Request01 -->
