<?xml version="1.0" encoding="UTF-8"?>
<!-- Generated by org.testng.reporters.JUnitReportReporter -->
<testsuite skipped="0" hostname="NT0010" name="api_WebServices.PostPutExamples" tests="2" failures="0" timestamp="2021-03-16T19:01:18 AST" time="1.937" errors="0">
  <testcase name="test_get01" time="1.899" classname="api_WebServices.PostPutExamples"/>
  <system-out/>
  <testcase name="test_get02" time="0.038" classname="api_WebServices.PostPutExamples"/>
  <system-out/>
</testsuite> <!-- api_WebServices.PostPutExamples -->
