<?xml version="1.0" encoding="UTF-8"?>
<!-- Generated by org.testng.reporters.JUnitReportReporter -->
<testsuite skipped="0" hostname="LAPTOP-ADRDM8GE" name="api_WebServices.Get_Request01" tests="1" failures="0" timestamp="2021-03-14T20:36:05 AST" time="4.718" errors="0">
  <testcase name="test_01" time="4.718" classname="api_WebServices.Get_Request01"/>
  <system-out/>
</testsuite> <!-- api_WebServices.Get_Request01 -->
