<?xml version="1.0" encoding="UTF-8"?>
<!-- Generated by org.testng.reporters.JUnitReportReporter -->
<testsuite hostname="CS-RAFILAP" failures="0" tests="1" name="api_WebServices.Examples" time="1.896" errors="0" timestamp="2021-03-15T18:27:35 AST" skipped="0">
  <testcase classname="api_WebServices.Examples" name="test" time="1.896"/>
  <system-out/>
</testsuite> <!-- api_WebServices.Examples -->
