<?xml version="1.0" encoding="UTF-8"?>
<!-- Generated by org.testng.reporters.JUnitReportReporter -->
<testsuite hostname="CS-RAFILAP" failures="0" tests="1" name="api_WebServices.Post_Request01" time="3.012" errors="0" timestamp="2021-03-14T18:13:28 AST" skipped="0">
  <testcase classname="api_WebServices.Post_Request01" name="delete_01" time="3.012"/>
  <system-out/>
</testsuite> <!-- api_WebServices.Post_Request01 -->
