<?xml version="1.0" encoding="UTF-8"?>
<!-- Generated by org.testng.reporters.JUnitReportReporter -->
<testsuite skipped="0" hostname="NT0010" name="api_WebServices.PostPutExamples" tests="1" failures="0" timestamp="2021-03-15T18:25:21 AST" time="1.909" errors="0">
  <testcase name="test_delete" time="1.909" classname="api_WebServices.PostPutExamples"/>
  <system-out/>
</testsuite> <!-- api_WebServices.PostPutExamples -->
