<?xml version="1.0" encoding="UTF-8"?>
<!-- Generated by org.testng.reporters.JUnitReportReporter -->
<testsuite hostname="CS-RAFILAP" failures="0" tests="2" name="api_WebServices.Get_Request01" time="3.565" errors="0" timestamp="2021-03-15T21:10:12 AST" skipped="0">
  <testcase classname="api_WebServices.Get_Request01" name="test_01" time="2.399"/>
  <system-out/>
  <testcase classname="api_WebServices.Get_Request01" name="test_02" time="1.166"/>
  <system-out/>
</testsuite> <!-- api_WebServices.Get_Request01 -->
