<?xml version="1.0" encoding="UTF-8"?>
<!-- Generated by org.testng.reporters.JUnitReportReporter -->
<testsuite hostname="CS-RAFILAP" failures="0" tests="4" name="api_WebServices.Post_Request01" time="1.888" errors="0" timestamp="2021-03-15T21:10:12 AST" skipped="0">
  <testcase classname="api_WebServices.Post_Request01" name="delete_01" time="0.446"/>
  <system-out/>
  <testcase classname="api_WebServices.Post_Request01" name="patch_01" time="0.543"/>
  <system-out/>
  <testcase classname="api_WebServices.Post_Request01" name="post_01" time="0.469"/>
  <system-out/>
  <testcase classname="api_WebServices.Post_Request01" name="put_01" time="0.430"/>
  <system-out/>
</testsuite> <!-- api_WebServices.Post_Request01 -->
