<?xml version="1.0" encoding="UTF-8"?>
<!-- Generated by org.testng.reporters.JUnitReportReporter -->
<testsuite hostname="CS-RAFILAP" failures="0" tests="2" name="api_WebServices.PostPutExamples" time="1.563" errors="0" timestamp="2021-03-17T09:30:43 AST" skipped="1">
  <testcase classname="api_WebServices.PostPutExamples" name="test_get01" time="1.563"/>
  <system-out/>
  <testcase classname="api_WebServices.PostPutExamples" name="test_get02">
    <skipped/>
  </testcase> <!-- test_get02 -->
  <system-out/>
</testsuite> <!-- api_WebServices.PostPutExamples -->
